生成启动时间为 2015/7/20 14:23:54。
     1>项目“E:\coder\oj\leetcode166\leetcode166.vcxproj”在节点 2 上(Build 个目标)。
     1>ClCompile:
         C:\Program Files (x86)\Microsoft Visual Studio 12.0\VC\bin\CL.exe /c /ZI /nologo /W3 /WX- /Od /Oy- /D WIN32 /D _DEBUG /D _CONSOLE /D _LIB /D _UNICODE /D UNICODE /Gm /EHsc /RTC1 /MDd /GS /fp:precise /Zc:wchar_t /Zc:forScope /Fo"Debug\\" /Fd"Debug\vc120.pdb" /Gd /TP /analyze- /errorReport:prompt fractionToDecimal.cpp
         fractionToDecimal.cpp
     1>e:\coder\oj\leetcode166\fractiontodecimal.cpp(24): warning C4996: 'sprintf': This function or variable may be unsafe. Consider using sprintf_s instead. To disable deprecation, use _CRT_SECURE_NO_WARNINGS. See online help for details.
                 c:\program files (x86)\microsoft visual studio 12.0\vc\include\stdio.h(356) : 参见“sprintf”的声明
     1>e:\coder\oj\leetcode166\fractiontodecimal.cpp(27): warning C4244: “参数”: 从“__int64”转换到“const int”，可能丢失数据
     1>e:\coder\oj\leetcode166\fractiontodecimal.cpp(33): warning C4996: 'sprintf': This function or variable may be unsafe. Consider using sprintf_s instead. To disable deprecation, use _CRT_SECURE_NO_WARNINGS. See online help for details.
                 c:\program files (x86)\microsoft visual studio 12.0\vc\include\stdio.h(356) : 参见“sprintf”的声明
     1>e:\coder\oj\leetcode166\fractiontodecimal.cpp(39): warning C4996: 'sprintf': This function or variable may be unsafe. Consider using sprintf_s instead. To disable deprecation, use _CRT_SECURE_NO_WARNINGS. See online help for details.
                 c:\program files (x86)\microsoft visual studio 12.0\vc\include\stdio.h(356) : 参见“sprintf”的声明
     1>e:\coder\oj\leetcode166\fractiontodecimal.cpp(45): warning C4996: 'sprintf': This function or variable may be unsafe. Consider using sprintf_s instead. To disable deprecation, use _CRT_SECURE_NO_WARNINGS. See online help for details.
                 c:\program files (x86)\microsoft visual studio 12.0\vc\include\stdio.h(356) : 参见“sprintf”的声明
     1>e:\coder\oj\leetcode166\fractiontodecimal.cpp(50): warning C4244: “参数”: 从“__int64”转换到“const int”，可能丢失数据
     1>e:\coder\oj\leetcode166\fractiontodecimal.cpp(54): warning C4244: “初始化”: 从“__int64”转换到“int”，可能丢失数据
     1>e:\coder\oj\leetcode166\fractiontodecimal.cpp(56): warning C4244: “参数”: 从“__int64”转换到“const int”，可能丢失数据
     1>e:\coder\oj\leetcode166\fractiontodecimal.cpp(60): warning C4244: “参数”: 从“__int64”转换到“const int”，可能丢失数据
     1>e:\coder\oj\leetcode166\fractiontodecimal.cpp(61): warning C4996: 'sprintf': This function or variable may be unsafe. Consider using sprintf_s instead. To disable deprecation, use _CRT_SECURE_NO_WARNINGS. See online help for details.
                 c:\program files (x86)\microsoft visual studio 12.0\vc\include\stdio.h(356) : 参见“sprintf”的声明
     1>e:\coder\oj\leetcode166\fractiontodecimal.cpp(68): warning C4244: “参数”: 从“__int64”转换到“const int”，可能丢失数据
     1>e:\coder\oj\leetcode166\fractiontodecimal.cpp(75): warning C4146: 一元负运算符应用于无符号类型，结果仍为无符号类型
       Link:
         C:\Program Files (x86)\Microsoft Visual Studio 12.0\VC\bin\link.exe /ERRORREPORT:PROMPT /OUT:"E:\coder\oj\Debug\leetcode166.exe" /INCREMENTAL /NOLOGO kernel32.lib user32.lib gdi32.lib winspool.lib comdlg32.lib advapi32.lib shell32.lib ole32.lib oleaut32.lib uuid.lib odbc32.lib odbccp32.lib /MANIFEST /MANIFESTUAC:"level='asInvoker' uiAccess='false'" /manifest:embed /DEBUG /PDB:"E:\coder\oj\Debug\leetcode166.pdb" /SUBSYSTEM:CONSOLE /TLBID:1 /DYNAMICBASE /NXCOMPAT /IMPLIB:"E:\coder\oj\Debug\leetcode166.lib" /MACHINE:X86 Debug\fractionToDecimal.obj
         leetcode166.vcxproj -> E:\coder\oj\Debug\leetcode166.exe
     1>已完成生成项目“E:\coder\oj\leetcode166\leetcode166.vcxproj”(Build 个目标)的操作。

生成成功。

已用时间 00:00:00.81
